maxTotalPoints: 80
messages: []
mode: all
parts:
- maxPoints: 10
  maxSeconds: 1
  messages: []
  name: writeupValid
  points: 10
  seconds: 0
- maxPoints: 20
  maxSeconds: 1
  messages: []
  name: 3.2b
  points: 20
  seconds: 0
- maxPoints: 10
  maxSeconds: 1
  messages: []
  name: 3.3b
  points: 10
  seconds: 0
- maxPoints: 25
  maxSeconds: 1
  messages: []
  name: '3.4'
  points: 25
  seconds: 0
- maxPoints: 15
  maxSeconds: 1
  messages: []
  name: '3.5'
  points: 15
  seconds: 1
totalPoints: 80
