\BOOKMARK [1][-]{section.1}{1}{}% 1
\BOOKMARK [2][-]{subsection.1.1}{What is the solution}{section.1}% 2
\BOOKMARK [2][-]{subsection.1.2}{b.alpha-beta pruning}{section.1}% 3
\BOOKMARK [2][-]{subsection.1.3}{c.alpha-beta pruning}{section.1}% 4
\BOOKMARK [2][-]{subsection.1.4}{d.}{section.1}% 5
\BOOKMARK [2][-]{subsection.1.5}{e.}{section.1}% 6
\BOOKMARK [1][-]{section.2}{2 Minimax and expectimax}{}% 7
\BOOKMARK [2][-]{subsection.2.1}{2.1 Draw a game tree}{section.2}% 8
\BOOKMARK [2][-]{subsection.2.2}{2.2 Draw a game tree}{section.2}% 9
\BOOKMARK [2][-]{subsection.2.3}{2.3 assumption}{section.2}% 10
\BOOKMARK [2][-]{subsection.2.4}{2.4 assumtion}{section.2}% 11
\BOOKMARK [2][-]{subsection.2.5}{2.5}{section.2}% 12
\BOOKMARK [1][-]{section.3}{Multi-agent pacman}{}% 13
\BOOKMARK [2][-]{subsection.3.1}{Warm up}{section.3}% 14
\BOOKMARK [2][-]{subsection.3.2}{Problem 1: Minimax}{section.3}% 15
\BOOKMARK [3][-]{subsubsection.3.2.1}{recurrence for Vopt\(s\)}{subsection.3.2}% 16
\BOOKMARK [3][-]{subsubsection.3.2.2}{3.2 MinimaxAgent}{subsection.3.2}% 17
\BOOKMARK [3][-]{subsubsection.3.2.3}{Why does pacman thrash around right next to a dot? Place your explanation in writeup.pdf. }{subsection.3.2}% 18
\BOOKMARK [3][-]{subsubsection.3.2.4}{Why does pacman rush to the closest ghost in minimax search on trappedClassic? Place your explanation in writeup.pdf.}{subsection.3.2}% 19
\BOOKMARK [2][-]{subsection.3.3}{Problem 2: Alpha-beta pruning }{section.3}% 20
\BOOKMARK [2][-]{subsection.3.4}{3.4 Problem 3: Expectimax }{section.3}% 21
\BOOKMARK [3][-]{subsubsection.3.4.1}{Recurrence of Vopt}{subsection.3.4}% 22
\BOOKMARK [3][-]{subsubsection.3.4.2}{Why does pacman behavior in expectimax differ from the minimax case \(i.e., why doesnot he head directly for the ghosts\)? Place your answer in writeup.pdf.}{subsection.3.4}% 23
\BOOKMARK [2][-]{subsection.3.5}{Problem 4: Evaluation function}{section.3}% 24
\BOOKMARK [1][-]{section.4}{Expectimax search and pruning}{}% 25
\BOOKMARK [2][-]{subsection.4.1}{}{section.4}% 26
\BOOKMARK [2][-]{subsection.4.2}{}{section.4}% 27
\BOOKMARK [2][-]{subsection.4.3}{}{section.4}% 28
\BOOKMARK [2][-]{subsection.4.4}{}{section.4}% 29
\BOOKMARK [2][-]{subsection.4.5}{}{section.4}% 30
