\BOOKMARK [1][-]{section.1}{1 Modelling sentence segmentation as search}{}% 1
\BOOKMARK [2][-]{subsection.1.1}{1.1 Suppose our goal is to minimize the number of words in the output segmentation. Construct a deterministic state space model for this task}{section.1}% 2
\BOOKMARK [2][-]{subsection.1.2}{Which search algorithms among BFS, DFS, UCS, A*, Bellman-Ford would produce a minimum cost path for your model and why?}{section.1}% 3
\BOOKMARK [2][-]{subsection.1.3}{1.3 If our goal is to maximize the number of words in the segmentation, revise the state space model from above.}{section.1}% 4
\BOOKMARK [2][-]{subsection.1.4}{1.4Modify the state space model from above to find the most fluent segmentation.}{section.1}% 5
\BOOKMARK [1][-]{section.2}{2 Problem 2}{}% 6
\BOOKMARK [2][-]{subsection.2.1}{}{section.2}% 7
\BOOKMARK [2][-]{subsection.2.2}{}{section.2}% 8
\BOOKMARK [2][-]{subsection.2.3}{}{section.2}% 9
\BOOKMARK [2][-]{subsection.2.4}{}{section.2}% 10
\BOOKMARK [2][-]{subsection.2.5}{}{section.2}% 11
\BOOKMARK [1][-]{section.3}{Package Delivery}{}% 12
\BOOKMARK [2][-]{subsection.3.1}{3.1a}{section.3}% 13
\BOOKMARK [2][-]{subsection.3.2}{3.1b}{section.3}% 14
\BOOKMARK [2][-]{subsection.3.3}{3.2a}{section.3}% 15
\BOOKMARK [2][-]{subsection.3.4}{3.2b}{section.3}% 16
\BOOKMARK [2][-]{subsection.3.5}{3.2c}{section.3}% 17
\BOOKMARK [2][-]{subsection.3.6}{3.2d}{section.3}% 18
\BOOKMARK [2][-]{subsection.3.7}{3.2e}{section.3}% 19
\BOOKMARK [1][-]{section.4}{4.Protein Folding}{}% 20
\BOOKMARK [2][-]{subsection.4.1}{}{section.4}% 21
\BOOKMARK [2][-]{subsection.4.2}{}{section.4}% 22
\BOOKMARK [2][-]{subsection.4.3}{}{section.4}% 23
\BOOKMARK [2][-]{subsection.4.4}{4.4}{section.4}% 24
